[2021-03-20 23:05:55,037] multiqc                                            [DEBUG  ]  No MultiQC config found: /home/luis/anaconda3/lib/python3.8/site-packages/multiqc_config.yaml
[2021-03-20 23:05:55,037] multiqc                                            [DEBUG  ]  No MultiQC config found: /home/luis/.multiqc_config.yaml
[2021-03-20 23:05:55,037] multiqc                                            [DEBUG  ]  No MultiQC config found: multiqc_config.yaml
[2021-03-20 23:05:55,037] multiqc                                            [DEBUG  ]  Command used: /home/luis/anaconda3/bin/multiqc .
[2021-03-20 23:05:57,111] multiqc                                            [DEBUG  ]  Latest MultiQC version is v1.10
[2021-03-20 23:05:57,112] multiqc                                            [INFO   ]  This is MultiQC v1.10
[2021-03-20 23:05:57,112] multiqc                                            [DEBUG  ]  Command     : /home/luis/anaconda3/bin/multiqc .
[2021-03-20 23:05:57,112] multiqc                                            [DEBUG  ]  Working dir : /home/luis/Documents/desafio_neoprospecta/git_repository/DesafioNeoprospecta/FrenteIV/genomes
[2021-03-20 23:05:57,112] multiqc                                            [INFO   ]  Template    : default
[2021-03-20 23:05:57,113] multiqc                                            [DEBUG  ]  Running Python 3.8.5 (default, Sep  4 2020, 07:30:14)  [GCC 7.3.0]
[2021-03-20 23:05:57,113] multiqc                                            [INFO   ]  Searching   : /home/luis/Documents/desafio_neoprospecta/git_repository/DesafioNeoprospecta/FrenteIV/genomes
[2021-03-20 23:05:57,114] multiqc                                            [DEBUG  ]  Analysing modules: custom_content, ngsderive, purple, conpair, peddy, somalier, methylQA, mosdepth, phantompeakqualtools, qualimap, preseq, quast, qorts, rna_seqc, rockhopper, rsem, rseqc, busco, goleft_indexcov, disambiguate, supernova, deeptools, sargasso, verifybamid, mirtrace, happy, mirtop, homer, hops, macs2, theta2, snpeff, gatk, htseq, bcftools, featureCounts, fgbio, dragen, dedup, damageprofiler, biobambam2, jcvi, mtnucratio, picard, sentieon, prokka, qc3C, samblaster, samtools, sexdeterrmine, eigenstratdatabasetools, bamtools, jellyfish, vcftools, longranger, stacks, varscan2, bbmap, bismark, biscuit, hicexplorer, hicup, hicpro, salmon, kallisto, slamdunk, star, hisat2, tophat, bowtie2, bowtie1, snpsplit, kat, leehom, adapterRemoval, clipandmerge, cutadapt, flexbar, kaiju, kraken, malt, trimmomatic, sickle, skewer, sortmerna, biobloomtools, fastq_screen, afterqc, fastp, fastqc, pychopper, pycoqc, minionqc, multivcfanalyzer, clusterflow, bcl2fastq, interop, ivar, flash, seqyclean, optitype
[2021-03-20 23:05:57,115] multiqc                                            [DEBUG  ]  Using temporary directory for creating report: /tmp/tmpcbjjhxnd
[2021-03-20 23:05:57,259] multiqc                                            [DEBUG  ]  Ignoring file as matched an ignore pattern: F3D142_S208_L001_R1_001.fastq
[2021-03-20 23:05:57,259] multiqc                                            [DEBUG  ]  Ignoring file as matched an ignore pattern: F3D8_S196_L001_R1_001.fastq
[2021-03-20 23:05:57,259] multiqc                                            [DEBUG  ]  Ignoring file as matched an ignore pattern: F3D150_S216_L001_R1_001_trimmed.fq
[2021-03-20 23:05:57,321] multiqc                                            [DEBUG  ]  File ignored by longranger/invocation because it exceeded search pattern filesize limit: F3D150_S216_L001_R1_001.fastq_trimming_report.txt
[2021-03-20 23:05:57,337] multiqc                                            [DEBUG  ]  File ignored by hicexplorer because it exceeded search pattern filesize limit: F3D150_S216_L001_R1_001_trimmed_fastqc.html
[2021-03-20 23:05:57,340] multiqc                                            [DEBUG  ]  File ignored by longranger/invocation because it exceeded search pattern filesize limit: F3D150_S216_L001_R1_001_trimmed_fastqc.html
[2021-03-20 23:05:57,465] multiqc                                            [DEBUG  ]  Ignoring file as matched an ignore pattern: F3D7_S195_L001_R1_001.fastq
[2021-03-20 23:05:57,466] multiqc                                            [DEBUG  ]  Ignoring file as matched an ignore pattern: F3D147_S213_L001_R1_001.fastq
[2021-03-20 23:05:57,466] multiqc                                            [DEBUG  ]  Ignoring file as matched an ignore pattern: F3D6_S194_L001_R1_001.fastq
[2021-03-20 23:05:57,466] multiqc                                            [DEBUG  ]  Ignoring file as matched an ignore pattern: F3D2_S190_L001_R1_001.fastq
[2021-03-20 23:05:57,466] multiqc                                            [DEBUG  ]  Ignoring file as matched an ignore pattern: F3D141_S207_L001_R1_001.fastq
[2021-03-20 23:05:57,466] multiqc                                            [DEBUG  ]  Ignoring file as matched an ignore pattern: F3D149_S215_L001_R1_001.fastq
[2021-03-20 23:05:57,466] multiqc                                            [DEBUG  ]  Ignoring file as matched an ignore pattern: F3D1_S189_L001_R1_001.fastq
[2021-03-20 23:05:57,466] multiqc                                            [DEBUG  ]  Ignoring file as matched an ignore pattern: F3D0_S188_L001_R1_001.fastq
[2021-03-20 23:05:57,466] multiqc                                            [DEBUG  ]  Ignoring file as matched an ignore pattern: F3D146_S212_L001_R1_001.fastq
[2021-03-20 23:05:57,467] multiqc                                            [DEBUG  ]  Ignoring file as matched an ignore pattern: F3D143_S209_L001_R1_001.fastq
[2021-03-20 23:05:57,467] multiqc                                            [DEBUG  ]  Ignoring file as matched an ignore pattern: F3D3_S191_L001_R1_001.fastq
[2021-03-20 23:05:57,467] multiqc                                            [DEBUG  ]  Ignoring file as matched an ignore pattern: F3D144_S210_L001_R1_001.fastq
[2021-03-20 23:05:57,468] multiqc                                            [DEBUG  ]  Ignoring file as matched an ignore pattern: F3D5_S193_L001_R1_001.fastq
[2021-03-20 23:05:57,468] multiqc                                            [DEBUG  ]  Ignoring file as matched an ignore pattern: F3D148_S214_L001_R1_001.fastq
[2021-03-20 23:05:57,468] multiqc                                            [DEBUG  ]  Ignoring file as matched an ignore pattern: F3D150_S216_L001_R1_001.fastq
[2021-03-20 23:05:57,468] multiqc                                            [DEBUG  ]  Ignoring file as matched an ignore pattern: F3D9_S197_L001_R1_001.fastq
[2021-03-20 23:05:57,468] multiqc                                            [DEBUG  ]  Ignoring file as matched an ignore pattern: F3D145_S211_L001_R1_001.fastq
[2021-03-20 23:05:57,486] multiqc                                            [DEBUG  ]  File ignored by hicexplorer because it exceeded search pattern filesize limit: F3D150_S216_L001_R1_001_fastqc.html
[2021-03-20 23:05:57,489] multiqc                                            [DEBUG  ]  File ignored by longranger/invocation because it exceeded search pattern filesize limit: F3D150_S216_L001_R1_001_fastqc.html
[2021-03-20 23:05:57,646] multiqc                                            [DEBUG  ]  Ignoring file as matched an ignore pattern: F3D150_S216_L001_R1_001.fastq
[2021-03-20 23:05:57,660] multiqc                                            [DEBUG  ]  File ignored by hicexplorer because it exceeded search pattern filesize limit: F3D141_S207_L001_R1_001_fastqc.html
[2021-03-20 23:05:57,664] multiqc                                            [DEBUG  ]  File ignored by longranger/invocation because it exceeded search pattern filesize limit: F3D141_S207_L001_R1_001_fastqc.html
[2021-03-20 23:05:57,833] multiqc                                            [DEBUG  ]  File ignored by hicexplorer because it exceeded search pattern filesize limit: F3D1_S189_L001_R1_001_fastqc.html
[2021-03-20 23:05:57,836] multiqc                                            [DEBUG  ]  File ignored by longranger/invocation because it exceeded search pattern filesize limit: F3D1_S189_L001_R1_001_fastqc.html
[2021-03-20 23:05:57,961] multiqc                                            [DEBUG  ]  File ignored by hicexplorer because it exceeded search pattern filesize limit: F3D9_S197_L001_R1_001_fastqc.html
[2021-03-20 23:05:57,964] multiqc                                            [DEBUG  ]  File ignored by longranger/invocation because it exceeded search pattern filesize limit: F3D9_S197_L001_R1_001_fastqc.html
[2021-03-20 23:05:58,088] multiqc                                            [DEBUG  ]  File ignored by hicexplorer because it exceeded search pattern filesize limit: F3D6_S194_L001_R1_001_fastqc.html
[2021-03-20 23:05:58,090] multiqc                                            [DEBUG  ]  File ignored by longranger/invocation because it exceeded search pattern filesize limit: F3D6_S194_L001_R1_001_fastqc.html
[2021-03-20 23:05:58,239] multiqc                                            [DEBUG  ]  File ignored by hicexplorer because it exceeded search pattern filesize limit: F3D150_S216_L001_R1_001_fastqc.html
[2021-03-20 23:05:58,241] multiqc                                            [DEBUG  ]  File ignored by longranger/invocation because it exceeded search pattern filesize limit: F3D150_S216_L001_R1_001_fastqc.html
[2021-03-20 23:05:58,365] multiqc                                            [DEBUG  ]  File ignored by hicexplorer because it exceeded search pattern filesize limit: F3D148_S214_L001_R1_001_fastqc.html
[2021-03-20 23:05:58,368] multiqc                                            [DEBUG  ]  File ignored by longranger/invocation because it exceeded search pattern filesize limit: F3D148_S214_L001_R1_001_fastqc.html
[2021-03-20 23:05:58,495] multiqc                                            [DEBUG  ]  File ignored by hicexplorer because it exceeded search pattern filesize limit: F3D7_S195_L001_R1_001_fastqc.html
[2021-03-20 23:05:58,497] multiqc                                            [DEBUG  ]  File ignored by longranger/invocation because it exceeded search pattern filesize limit: F3D7_S195_L001_R1_001_fastqc.html
[2021-03-20 23:05:58,627] multiqc                                            [DEBUG  ]  File ignored by hicexplorer because it exceeded search pattern filesize limit: F3D143_S209_L001_R1_001_fastqc.html
[2021-03-20 23:05:58,630] multiqc                                            [DEBUG  ]  File ignored by longranger/invocation because it exceeded search pattern filesize limit: F3D143_S209_L001_R1_001_fastqc.html
[2021-03-20 23:05:58,772] multiqc                                            [DEBUG  ]  File ignored by hicexplorer because it exceeded search pattern filesize limit: F3D147_S213_L001_R1_001_fastqc.html
[2021-03-20 23:05:58,775] multiqc                                            [DEBUG  ]  File ignored by longranger/invocation because it exceeded search pattern filesize limit: F3D147_S213_L001_R1_001_fastqc.html
[2021-03-20 23:05:58,906] multiqc                                            [DEBUG  ]  File ignored by hicexplorer because it exceeded search pattern filesize limit: F3D0_S188_L001_R1_001_fastqc.html
[2021-03-20 23:05:58,909] multiqc                                            [DEBUG  ]  File ignored by longranger/invocation because it exceeded search pattern filesize limit: F3D0_S188_L001_R1_001_fastqc.html
[2021-03-20 23:05:59,034] multiqc                                            [DEBUG  ]  File ignored by hicexplorer because it exceeded search pattern filesize limit: F3D8_S196_L001_R1_001_fastqc.html
[2021-03-20 23:05:59,036] multiqc                                            [DEBUG  ]  File ignored by longranger/invocation because it exceeded search pattern filesize limit: F3D8_S196_L001_R1_001_fastqc.html
[2021-03-20 23:05:59,164] multiqc                                            [DEBUG  ]  File ignored by hicexplorer because it exceeded search pattern filesize limit: F3D3_S191_L001_R1_001_fastqc.html
[2021-03-20 23:05:59,167] multiqc                                            [DEBUG  ]  File ignored by longranger/invocation because it exceeded search pattern filesize limit: F3D3_S191_L001_R1_001_fastqc.html
[2021-03-20 23:05:59,301] multiqc                                            [DEBUG  ]  File ignored by hicexplorer because it exceeded search pattern filesize limit: F3D2_S190_L001_R1_001_fastqc.html
[2021-03-20 23:05:59,303] multiqc                                            [DEBUG  ]  File ignored by longranger/invocation because it exceeded search pattern filesize limit: F3D2_S190_L001_R1_001_fastqc.html
[2021-03-20 23:05:59,448] multiqc                                            [DEBUG  ]  File ignored by hicexplorer because it exceeded search pattern filesize limit: F3D146_S212_L001_R1_001_fastqc.html
[2021-03-20 23:05:59,451] multiqc                                            [DEBUG  ]  File ignored by longranger/invocation because it exceeded search pattern filesize limit: F3D146_S212_L001_R1_001_fastqc.html
[2021-03-20 23:05:59,582] multiqc                                            [DEBUG  ]  File ignored by hicexplorer because it exceeded search pattern filesize limit: F3D5_S193_L001_R1_001_fastqc.html
[2021-03-20 23:05:59,584] multiqc                                            [DEBUG  ]  File ignored by longranger/invocation because it exceeded search pattern filesize limit: F3D5_S193_L001_R1_001_fastqc.html
[2021-03-20 23:05:59,719] multiqc                                            [DEBUG  ]  File ignored by hicexplorer because it exceeded search pattern filesize limit: F3D144_S210_L001_R1_001_fastqc.html
[2021-03-20 23:05:59,721] multiqc                                            [DEBUG  ]  File ignored by longranger/invocation because it exceeded search pattern filesize limit: F3D144_S210_L001_R1_001_fastqc.html
[2021-03-20 23:05:59,850] multiqc                                            [DEBUG  ]  File ignored by hicexplorer because it exceeded search pattern filesize limit: F3D145_S211_L001_R1_001_fastqc.html
[2021-03-20 23:05:59,858] multiqc                                            [DEBUG  ]  File ignored by longranger/invocation because it exceeded search pattern filesize limit: F3D145_S211_L001_R1_001_fastqc.html
[2021-03-20 23:06:00,002] multiqc                                            [DEBUG  ]  File ignored by hicexplorer because it exceeded search pattern filesize limit: F3D149_S215_L001_R1_001_fastqc.html
[2021-03-20 23:06:00,004] multiqc                                            [DEBUG  ]  File ignored by longranger/invocation because it exceeded search pattern filesize limit: F3D149_S215_L001_R1_001_fastqc.html
[2021-03-20 23:06:00,137] multiqc                                            [DEBUG  ]  File ignored by hicexplorer because it exceeded search pattern filesize limit: F3D142_S208_L001_R1_001_fastqc.html
[2021-03-20 23:06:00,139] multiqc                                            [DEBUG  ]  File ignored by longranger/invocation because it exceeded search pattern filesize limit: F3D142_S208_L001_R1_001_fastqc.html
[2021-03-20 23:06:01,607] multiqc.plots.bargraph                             [DEBUG  ]  Using matplotlib version 3.3.2
[2021-03-20 23:06:01,608] multiqc.plots.linegraph                            [DEBUG  ]  Using matplotlib version 3.3.2
[2021-03-20 23:06:01,609] multiqc                                            [DEBUG  ]  No samples found: custom_content
[2021-03-20 23:06:01,617] multiqc                                            [DEBUG  ]  No samples found: ngsderive
[2021-03-20 23:06:01,624] multiqc                                            [DEBUG  ]  No samples found: purple
[2021-03-20 23:06:01,631] multiqc                                            [DEBUG  ]  No samples found: conpair
[2021-03-20 23:06:01,637] multiqc                                            [DEBUG  ]  No samples found: peddy
[2021-03-20 23:06:01,644] multiqc                                            [DEBUG  ]  No samples found: somalier
[2021-03-20 23:06:01,651] multiqc                                            [DEBUG  ]  No samples found: methylQA
[2021-03-20 23:06:01,658] multiqc                                            [DEBUG  ]  No samples found: mosdepth
[2021-03-20 23:06:01,665] multiqc                                            [DEBUG  ]  No samples found: phantompeakqualtools
[2021-03-20 23:06:01,671] multiqc                                            [DEBUG  ]  No samples found: qualimap
[2021-03-20 23:06:01,677] multiqc                                            [DEBUG  ]  No samples found: preseq
[2021-03-20 23:06:01,684] multiqc                                            [DEBUG  ]  No samples found: quast
[2021-03-20 23:06:01,690] multiqc                                            [DEBUG  ]  No samples found: qorts
[2021-03-20 23:06:01,697] multiqc                                            [DEBUG  ]  No samples found: rna_seqc
[2021-03-20 23:06:01,703] multiqc                                            [DEBUG  ]  No samples found: rockhopper
[2021-03-20 23:06:01,710] multiqc                                            [DEBUG  ]  No samples found: rsem
[2021-03-20 23:06:01,718] multiqc                                            [DEBUG  ]  No samples found: rseqc
[2021-03-20 23:06:01,724] multiqc                                            [DEBUG  ]  No samples found: busco
[2021-03-20 23:06:01,731] multiqc                                            [DEBUG  ]  No samples found: goleft_indexcov
[2021-03-20 23:06:01,737] multiqc                                            [DEBUG  ]  No samples found: disambiguate
[2021-03-20 23:06:01,744] multiqc                                            [DEBUG  ]  No samples found: supernova
[2021-03-20 23:06:01,752] multiqc                                            [DEBUG  ]  No samples found: deeptools
[2021-03-20 23:06:01,759] multiqc                                            [DEBUG  ]  No samples found: sargasso
[2021-03-20 23:06:01,765] multiqc                                            [DEBUG  ]  No samples found: verifybamid
[2021-03-20 23:06:01,772] multiqc                                            [DEBUG  ]  No samples found: mirtrace
[2021-03-20 23:06:01,778] multiqc                                            [DEBUG  ]  No samples found: happy
[2021-03-20 23:06:01,785] multiqc                                            [DEBUG  ]  No samples found: mirtop
[2021-03-20 23:06:01,792] multiqc                                            [DEBUG  ]  No samples found: homer
[2021-03-20 23:06:01,798] multiqc                                            [DEBUG  ]  No samples found: hops
[2021-03-20 23:06:01,805] multiqc                                            [DEBUG  ]  No samples found: macs2
[2021-03-20 23:06:01,811] multiqc                                            [DEBUG  ]  No samples found: theta2
[2021-03-20 23:06:01,817] multiqc                                            [DEBUG  ]  No samples found: snpeff
[2021-03-20 23:06:01,825] multiqc                                            [DEBUG  ]  No samples found: gatk
[2021-03-20 23:06:01,831] multiqc                                            [DEBUG  ]  No samples found: htseq
[2021-03-20 23:06:01,838] multiqc                                            [DEBUG  ]  No samples found: bcftools
[2021-03-20 23:06:01,844] multiqc                                            [DEBUG  ]  No samples found: featureCounts
[2021-03-20 23:06:01,852] multiqc                                            [DEBUG  ]  No samples found: fgbio
[2021-03-20 23:06:01,861] multiqc                                            [DEBUG  ]  No samples found: dragen
[2021-03-20 23:06:01,868] multiqc                                            [DEBUG  ]  No samples found: dedup
[2021-03-20 23:06:01,874] multiqc                                            [DEBUG  ]  No samples found: damageprofiler
[2021-03-20 23:06:01,887] multiqc                                            [DEBUG  ]  No samples found: biobambam2
[2021-03-20 23:06:01,894] multiqc                                            [DEBUG  ]  No samples found: jcvi
[2021-03-20 23:06:01,901] multiqc                                            [DEBUG  ]  No samples found: mtnucratio
[2021-03-20 23:06:01,907] multiqc                                            [DEBUG  ]  No samples found: picard
[2021-03-20 23:06:01,914] multiqc                                            [DEBUG  ]  No samples found: sentieon
[2021-03-20 23:06:01,920] multiqc                                            [DEBUG  ]  No samples found: prokka
[2021-03-20 23:06:01,927] multiqc                                            [DEBUG  ]  No samples found: qc3C
[2021-03-20 23:06:01,934] multiqc                                            [DEBUG  ]  No samples found: samblaster
[2021-03-20 23:06:01,941] multiqc                                            [DEBUG  ]  No samples found: samtools
[2021-03-20 23:06:01,948] multiqc                                            [DEBUG  ]  No samples found: sexdeterrmine
[2021-03-20 23:06:01,954] multiqc                                            [DEBUG  ]  No samples found: eigenstratdatabasetools
[2021-03-20 23:06:01,961] multiqc                                            [DEBUG  ]  No samples found: bamtools
[2021-03-20 23:06:01,967] multiqc                                            [DEBUG  ]  No samples found: jellyfish
[2021-03-20 23:06:01,974] multiqc                                            [DEBUG  ]  No samples found: vcftools
[2021-03-20 23:06:01,981] multiqc                                            [DEBUG  ]  No samples found: longranger
[2021-03-20 23:06:01,987] multiqc                                            [DEBUG  ]  No samples found: stacks
[2021-03-20 23:06:01,994] multiqc                                            [DEBUG  ]  No samples found: varscan2
[2021-03-20 23:06:02,003] multiqc                                            [DEBUG  ]  No samples found: bbmap
[2021-03-20 23:06:02,009] multiqc                                            [DEBUG  ]  No samples found: bismark
[2021-03-20 23:06:02,016] multiqc                                            [DEBUG  ]  No samples found: biscuit
[2021-03-20 23:06:02,023] multiqc                                            [DEBUG  ]  No samples found: hicexplorer
[2021-03-20 23:06:02,029] multiqc                                            [DEBUG  ]  No samples found: hicup
[2021-03-20 23:06:02,036] multiqc                                            [DEBUG  ]  No samples found: hicpro
[2021-03-20 23:06:02,042] multiqc                                            [DEBUG  ]  No samples found: salmon
[2021-03-20 23:06:02,049] multiqc                                            [DEBUG  ]  No samples found: kallisto
[2021-03-20 23:06:02,055] multiqc                                            [DEBUG  ]  No samples found: slamdunk
[2021-03-20 23:06:02,062] multiqc                                            [DEBUG  ]  No samples found: star
[2021-03-20 23:06:02,069] multiqc                                            [DEBUG  ]  No samples found: hisat2
[2021-03-20 23:06:02,075] multiqc                                            [DEBUG  ]  No samples found: tophat
[2021-03-20 23:06:02,082] multiqc                                            [DEBUG  ]  No samples found: bowtie2
[2021-03-20 23:06:02,088] multiqc                                            [DEBUG  ]  No samples found: bowtie1
[2021-03-20 23:06:02,094] multiqc                                            [DEBUG  ]  No samples found: snpsplit
[2021-03-20 23:06:02,101] multiqc                                            [DEBUG  ]  No samples found: kat
[2021-03-20 23:06:02,107] multiqc                                            [DEBUG  ]  No samples found: leehom
[2021-03-20 23:06:02,113] multiqc                                            [DEBUG  ]  No samples found: adapterRemoval
[2021-03-20 23:06:02,120] multiqc                                            [DEBUG  ]  No samples found: clipandmerge
[2021-03-20 23:06:02,132] multiqc.modules.cutadapt.cutadapt                  [INFO   ]  Found 1 reports
[2021-03-20 23:06:02,156] multiqc                                            [DEBUG  ]  No samples found: flexbar
[2021-03-20 23:06:02,163] multiqc                                            [DEBUG  ]  No samples found: kaiju
[2021-03-20 23:06:02,169] multiqc                                            [DEBUG  ]  No samples found: kraken
[2021-03-20 23:06:02,176] multiqc                                            [DEBUG  ]  No samples found: malt
[2021-03-20 23:06:02,182] multiqc                                            [DEBUG  ]  No samples found: trimmomatic
[2021-03-20 23:06:02,189] multiqc                                            [DEBUG  ]  No samples found: sickle
[2021-03-20 23:06:02,195] multiqc                                            [DEBUG  ]  No samples found: skewer
[2021-03-20 23:06:02,202] multiqc                                            [DEBUG  ]  No samples found: sortmerna
[2021-03-20 23:06:02,208] multiqc                                            [DEBUG  ]  No samples found: biobloomtools
[2021-03-20 23:06:02,215] multiqc                                            [DEBUG  ]  No samples found: fastq_screen
[2021-03-20 23:06:02,221] multiqc                                            [DEBUG  ]  No samples found: afterqc
[2021-03-20 23:06:02,228] multiqc                                            [DEBUG  ]  No samples found: fastp
[2021-03-20 23:06:02,250] multiqc.modules.fastqc.fastqc                      [DEBUG  ]  Skipping 'F3D150_S216_L001_R1_001_fastqc.zip' as already parsed 'F3D150_S216_L001_R1_001'
[2021-03-20 23:06:02,275] multiqc.modules.fastqc.fastqc                      [DEBUG  ]  Skipping 'F3D150_S216_L001_R1_001_fastqc.zip' as already parsed 'F3D150_S216_L001_R1_001'
[2021-03-20 23:06:02,543] multiqc.modules.fastqc.fastqc                      [INFO   ]  Found 19 reports
[2021-03-20 23:06:02,976] multiqc                                            [DEBUG  ]  No samples found: pychopper
[2021-03-20 23:06:02,982] multiqc                                            [DEBUG  ]  No samples found: pycoqc
[2021-03-20 23:06:02,989] multiqc                                            [DEBUG  ]  No samples found: minionqc
[2021-03-20 23:06:02,996] multiqc                                            [DEBUG  ]  No samples found: multivcfanalyzer
[2021-03-20 23:06:03,002] multiqc                                            [DEBUG  ]  No samples found: clusterflow
[2021-03-20 23:06:03,009] multiqc                                            [DEBUG  ]  No samples found: bcl2fastq
[2021-03-20 23:06:03,015] multiqc                                            [DEBUG  ]  No samples found: interop
[2021-03-20 23:06:03,021] multiqc                                            [DEBUG  ]  No samples found: ivar
[2021-03-20 23:06:03,028] multiqc                                            [DEBUG  ]  No samples found: flash
[2021-03-20 23:06:03,035] multiqc                                            [DEBUG  ]  No samples found: seqyclean
[2021-03-20 23:06:03,041] multiqc                                            [DEBUG  ]  No samples found: optitype
[2021-03-20 23:06:03,078] multiqc                                            [INFO   ]  Compressing plot data
[2021-03-20 23:06:03,438] multiqc                                            [INFO   ]  Report      : multiqc_report.html
[2021-03-20 23:06:03,438] multiqc                                            [INFO   ]  Data        : multiqc_data
[2021-03-20 23:06:03,438] multiqc                                            [DEBUG  ]  Moving data file from '/tmp/tmpcbjjhxnd/multiqc_data' to '/home/luis/Documents/desafio_neoprospecta/git_repository/DesafioNeoprospecta/FrenteIV/genomes/multiqc_data'
[2021-03-20 23:06:03,603] multiqc                                            [INFO   ]  MultiQC complete
